0 info it worked if it ends with ok
1 verbose cli [ '/usr/local/bin/node', '/usr/local/bin/npm', 'publish' ]
2 info using npm@3.5.3
3 info using node@v5.4.1
4 verbose publish [ '.' ]
5 silly cache add args [ '.', null ]
6 verbose cache add spec .
7 silly cache add parsed spec Result {
7 silly cache add   raw: '.',
7 silly cache add   scope: null,
7 silly cache add   name: null,
7 silly cache add   rawSpec: '.',
7 silly cache add   spec: '/Users/macgmercer/Desktop/projects/stanford-events/github/command-se',
7 silly cache add   type: 'directory' }
8 verbose addLocalDirectory /Users/macgmercer/.npm/command-se/1.0.44/package.tgz not in flight; packing
9 info lifecycle command-se@1.0.44~prepublish: command-se@1.0.44
10 silly lifecycle command-se@1.0.44~prepublish: no script for prepublish, continuing
11 verbose tar pack [ '/Users/macgmercer/.npm/command-se/1.0.44/package.tgz',
11 verbose tar pack   '/Users/macgmercer/Desktop/projects/stanford-events/github/command-se' ]
12 verbose tarball /Users/macgmercer/.npm/command-se/1.0.44/package.tgz
13 verbose folder /Users/macgmercer/Desktop/projects/stanford-events/github/command-se
14 verbose addLocalTarball adding from inside cache /Users/macgmercer/.npm/command-se/1.0.44/package.tgz
15 silly cache afterAdd command-se@1.0.44
16 verbose afterAdd /Users/macgmercer/.npm/command-se/1.0.44/package/package.json not in flight; writing
17 verbose afterAdd /Users/macgmercer/.npm/command-se/1.0.44/package/package.json written
18 silly publish { name: 'command-se',
18 silly publish   version: '1.0.44',
18 silly publish   main: 'index',
18 silly publish   dependencies: { dateformat: '^1.0.12', lodash: '^3.8.0', xml2js: '^0.4.16' },
18 silly publish   repository:
18 silly publish    { type: 'git',
18 silly publish      url: 'git+https://github.com/gregmercer/command-se.git' },
18 silly publish   readme: '# command-se\nStanford Events Slack Slash Command\n\nPublished as a npm package at:\n```\nhttps://www.npmjs.com/package/command-se\n```\n\nInstructions on how to publish a package on npm can be found at:\n```\nhttps://docs.npmjs.com/getting-started/publishing-npm-packages\n```\n',
18 silly publish   readmeFilename: 'README.md',
18 silly publish   gitHead: '7ebfef0bddb1da2a90de945e958cbd0e6048ba07',
18 silly publish   description: 'Stanford Events Slack Slash Command',
18 silly publish   bugs: { url: 'https://github.com/gregmercer/command-se/issues' },
18 silly publish   homepage: 'https://github.com/gregmercer/command-se#readme',
18 silly publish   _id: 'command-se@1.0.44',
18 silly publish   scripts: {},
18 silly publish   _shasum: '58e43f2293a57ec4d942bee3282b445c67efaa06',
18 silly publish   _from: '.' }
19 verbose getPublishConfig undefined
20 silly mapToRegistry name command-se
21 silly mapToRegistry using default registry
22 silly mapToRegistry registry https://registry.npmjs.org/
23 silly mapToRegistry uri https://registry.npmjs.org/command-se
24 verbose publish registryBase https://registry.npmjs.org/
25 silly publish uploading /Users/macgmercer/.npm/command-se/1.0.44/package.tgz
26 verbose request uri https://registry.npmjs.org/command-se
27 verbose request sending authorization for write operation
28 info attempt registry request try #1 at 8:20:25 PM
29 verbose request using bearer token for auth
30 verbose request id dccdb719ef29adce
31 http request PUT https://registry.npmjs.org/command-se
32 http 403 https://registry.npmjs.org/command-se
33 verbose headers { 'content-type': 'application/json',
33 verbose headers   'cache-control': 'max-age=300',
33 verbose headers   'content-length': '96',
33 verbose headers   'accept-ranges': 'bytes',
33 verbose headers   date: 'Mon, 20 Jun 2016 03:20:26 GMT',
33 verbose headers   via: '1.1 varnish',
33 verbose headers   connection: 'keep-alive',
33 verbose headers   'x-served-by': 'cache-sjc3132-SJC',
33 verbose headers   'x-cache': 'MISS',
33 verbose headers   'x-cache-hits': '0',
33 verbose headers   'x-timer': 'S1466392826.105733,VS0,VE184',
33 verbose headers   vary: 'Accept-Encoding' }
34 verbose request invalidating /Users/macgmercer/.npm/registry.npmjs.org/command-se on PUT
35 error publish Failed PUT 403
36 verbose stack Error: "You cannot publish over the previously published version 1.0.44." : command-se
36 verbose stack     at makeError (/usr/local/lib/node_modules/npm/node_modules/npm-registry-client/lib/request.js:264:12)
36 verbose stack     at CachingRegistryClient.<anonymous> (/usr/local/lib/node_modules/npm/node_modules/npm-registry-client/lib/request.js:252:14)
36 verbose stack     at Request._callback (/usr/local/lib/node_modules/npm/node_modules/npm-registry-client/lib/request.js:172:14)
36 verbose stack     at Request.self.callback (/usr/local/lib/node_modules/npm/node_modules/request/request.js:198:22)
36 verbose stack     at emitTwo (events.js:87:13)
36 verbose stack     at Request.emit (events.js:172:7)
36 verbose stack     at Request.<anonymous> (/usr/local/lib/node_modules/npm/node_modules/request/request.js:1035:10)
36 verbose stack     at emitOne (events.js:82:20)
36 verbose stack     at Request.emit (events.js:169:7)
36 verbose stack     at IncomingMessage.<anonymous> (/usr/local/lib/node_modules/npm/node_modules/request/request.js:962:12)
37 verbose statusCode 403
38 verbose pkgid command-se
39 verbose cwd /Users/macgmercer/Desktop/projects/stanford-events/github/command-se
40 error Darwin 12.6.0
41 error argv "/usr/local/bin/node" "/usr/local/bin/npm" "publish"
42 error node v5.4.1
43 error npm  v3.5.3
44 error code E403
45 error "You cannot publish over the previously published version 1.0.44." : command-se
46 error If you need help, you may report this error at:
46 error     <https://github.com/npm/npm/issues>
47 verbose exit [ 1, true ]
